<?xml version="1.0" encoding="UTF-8"?>
<testng-results ignored="0" total="1" passed="1" failed="0" skipped="0">
  <reporter-output>
  </reporter-output>
  <suite started-at="2025-08-20T16:25:28 IST" name="Default suite" finished-at="2025-08-20T16:26:40 IST" duration-ms="72457">
    <groups>
    </groups>
    <test started-at="2025-08-20T16:25:28 IST" name="Default test" finished-at="2025-08-20T16:26:40 IST" duration-ms="72457">
      <class name="tests.AddAndUpdateUserTest">
        <test-method is-config="true" signature="setupAndLogin()[pri:0, instance:tests.AddAndUpdateUserTest@3a7442c7]" started-at="2025-08-20T16:25:28 IST" name="setupAndLogin" finished-at="2025-08-20T16:25:46 IST" duration-ms="17643" status="PASS">
          <reporter-output>
          </reporter-output>
        </test-method> <!-- setupAndLogin -->
        <test-method signature="addUser()[pri:0, instance:tests.AddAndUpdateUserTest@3a7442c7]" started-at="2025-08-20T16:25:46 IST" name="addUser" finished-at="2025-08-20T16:26:39 IST" duration-ms="53401" status="PASS">
          <reporter-output>
          </reporter-output>
        </test-method> <!-- addUser -->
        <test-method is-config="true" signature="logoutAndTearDown()[pri:0, instance:tests.AddAndUpdateUserTest@3a7442c7]" started-at="2025-08-20T16:26:39 IST" name="logoutAndTearDown" finished-at="2025-08-20T16:26:40 IST" duration-ms="1338" status="PASS">
          <reporter-output>
          </reporter-output>
        </test-method> <!-- logoutAndTearDown -->
      </class> <!-- tests.AddAndUpdateUserTest -->
    </test> <!-- Default test -->
  </suite> <!-- Default suite -->
</testng-results>
