<?xml version="1.0" encoding="UTF-8"?>
<testng-results ignored="0" total="1" passed="1" failed="0" skipped="0">
  <reporter-output>
  </reporter-output>
  <suite started-at="2025-08-20T13:58:33 IST" name="Default suite" finished-at="2025-08-20T13:59:46 IST" duration-ms="72741">
    <groups>
    </groups>
    <test started-at="2025-08-20T13:58:33 IST" name="Default test" finished-at="2025-08-20T13:59:46 IST" duration-ms="72741">
      <class name="tests.AddAndUpdateUserTest">
        <test-method is-config="true" signature="setupAndLogin()[pri:0, instance:tests.AddAndUpdateUserTest@3ba987b8]" started-at="2025-08-20T13:58:33 IST" name="setupAndLogin" finished-at="2025-08-20T13:59:01 IST" duration-ms="27416" status="PASS">
          <reporter-output>
          </reporter-output>
        </test-method> <!-- setupAndLogin -->
        <test-method signature="addUser()[pri:0, instance:tests.AddAndUpdateUserTest@3ba987b8]" started-at="2025-08-20T13:59:01 IST" name="addUser" finished-at="2025-08-20T13:59:44 IST" duration-ms="43443" status="PASS">
          <reporter-output>
          </reporter-output>
        </test-method> <!-- addUser -->
        <test-method is-config="true" signature="logoutAndTearDown()[pri:0, instance:tests.AddAndUpdateUserTest@3ba987b8]" started-at="2025-08-20T13:59:44 IST" name="logoutAndTearDown" finished-at="2025-08-20T13:59:46 IST" duration-ms="1807" status="PASS">
          <reporter-output>
          </reporter-output>
        </test-method> <!-- logoutAndTearDown -->
      </class> <!-- tests.AddAndUpdateUserTest -->
    </test> <!-- Default test -->
  </suite> <!-- Default suite -->
</testng-results>
