<?xml version="1.0" encoding="UTF-8"?>
<!-- Generated by org.testng.reporters.JUnitXMLReporter -->
<testsuite ignored="0" hostname="DESKTOP-38Q9L5G" failures="1" tests="1" name="Dashboard Test" time="35.433" errors="0" timestamp="2025-08-19T16:43:44 IST">
  <testcase classname="tests.DashboardTest" name="verifyDashboardCounts" time="8.42">
    <failure type="java.lang.AssertionError" message="Total order count invalid expected [true] but found [false]">
      <![CDATA[java.lang.AssertionError: Total order count invalid expected [true] but found [false]
at tests.DashboardTest.verifyDashboardCounts(DashboardTest.java:24)
at java.base/java.util.ArrayList.forEach(ArrayList.java:1511)
... Removed 30 stack frames]]>
    </failure>
  </testcase> <!-- verifyDashboardCounts -->
</testsuite> <!-- Dashboard Test -->
